# JRE version: OpenJDK Runtime Environment Temurin-17.0.15+6 (17.0.15+6) (build 17.0.15+6)
# Java VM: OpenJDK 64-Bit Server VM Temurin-17.0.15+6 (17.0.15+6, mixed mode, sharing, tiered, compressed oops, compressed class ptrs, g1 gc, windows-amd64)
GC Precious Log:
 CPUs: 8 total, 8 available
 Memory: 10182M
 Large Page Support: Disabled
 NUMA Support: Disabled
 Compressed Oops: Enabled (Zero based)
 Heap Region Size: 4M
 Heap Min Capacity: 8M
 Heap Initial Capacity: 160M
 Heap Max Capacity: 4536M
 Pre-touch: Disabled
 Parallel Workers: 8
 Concurrent Workers: 2
 Concurrent Refinement Workers: 8
 Periodic GC: Disabled
Heap:
 garbage-first heap   total 507904K, used 464012K [0x00000006e4800000, 0x0000000800000000)
  region size 4096K, 2 young (8192K), 1 survivors (4096K)
 Metaspace       used 88155K, committed 88768K, reserved 1179648K
  class space    used 12247K, committed 12544K, reserved 1048576K
GC Heap History (20 events):
Event: 18.874 GC heap before
{Heap before GC invocations=29 (full 0):
 garbage-first heap   total 245760K, used 209305K [0x00000006e4800000, 0x0000000800000000)
  region size 4096K, 9 young (36864K), 4 survivors (16384K)
 Metaspace       used 88142K, committed 88768K, reserved 1179648K
  class space    used 12247K, committed 12544K, reserved 1048576K
}
Event: 18.886 GC heap after
{Heap after GC invocations=30 (full 0):
 garbage-first heap   total 245760K, used 106530K [0x00000006e4800000, 0x0000000800000000)
  region size 4096K, 2 young (8192K), 2 survivors (8192K)
 Metaspace       used 88142K, committed 88768K, reserved 1179648K
  class space    used 12247K, committed 12544K, reserved 1048576K
}
Event: 18.919 GC heap before
{Heap before GC invocations=30 (full 0):
 garbage-first heap   total 245760K, used 118818K [0x00000006e4800000, 0x0000000800000000)
  region size 4096K, 3 young (12288K), 2 survivors (8192K)
 Metaspace       used 88154K, committed 88768K, reserved 1179648K
  class space    used 12247K, committed 12544K, reserved 1048576K
}
Event: 18.921 GC heap after
{Heap after GC invocations=31 (full 0):
 garbage-first heap   total 245760K, used 112119K [0x00000006e4800000, 0x0000000800000000)
  region size 4096K, 1 young (4096K), 1 survivors (4096K)
 Metaspace       used 88154K, committed 88768K, reserved 1179648K
  class space    used 12247K, committed 12544K, reserved 1048576K
}
Event: 18.940 GC heap before
{Heap before GC invocations=31 (full 0):
 garbage-first heap   total 245760K, used 124407K [0x00000006e4800000, 0x0000000800000000)
  region size 4096K, 2 young (8192K), 1 survivors (4096K)
 Metaspace       used 88154K, committed 88768K, reserved 1179648K
  class space    used 12247K, committed 12544K, reserved 1048576K
}
Event: 18.942 GC heap after
{Heap after GC invocations=32 (full 0):
 garbage-first heap   total 303104K, used 115970K [0x00000006e4800000, 0x0000000800000000)
  region size 4096K, 1 young (4096K), 1 survivors (4096K)
 Metaspace       used 88154K, committed 88768K, reserved 1179648K
  class space    used 12247K, committed 12544K, reserved 1048576K
}
Event: 18.950 GC heap before
{Heap before GC invocations=32 (full 0):
 garbage-first heap   total 303104K, used 124162K [0x00000006e4800000, 0x0000000800000000)
  region size 4096K, 2 young (8192K), 1 survivors (4096K)
 Metaspace       used 88154K, committed 88768K, reserved 1179648K
  class space    used 12247K, committed 12544K, reserved 1048576K
}
Event: 18.952 GC heap after
{Heap after GC invocations=33 (full 0):
 garbage-first heap   total 303104K, used 112843K [0x00000006e4800000, 0x0000000800000000)
  region size 4096K, 1 young (4096K), 1 survivors (4096K)
 Metaspace       used 88154K, committed 88768K, reserved 1179648K
  class space    used 12247K, committed 12544K, reserved 1048576K
}
Event: 19.082 GC heap before
{Heap before GC invocations=34 (full 0):
 garbage-first heap   total 303104K, used 157899K [0x00000006e4800000, 0x0000000800000000)
  region size 4096K, 2 young (8192K), 1 survivors (4096K)
 Metaspace       used 88155K, committed 88768K, reserved 1179648K
  class space    used 12247K, committed 12544K, reserved 1048576K
}
Event: 19.085 GC heap after
{Heap after GC invocations=35 (full 0):
 garbage-first heap   total 303104K, used 132221K [0x00000006e4800000, 0x0000000800000000)
  region size 4096K, 1 young (4096K), 1 survivors (4096K)
 Metaspace       used 88155K, committed 88768K, reserved 1179648K
  class space    used 12247K, committed 12544K, reserved 1048576K
}
Event: 19.234 GC heap before
{Heap before GC invocations=36 (full 0):
 garbage-first heap   total 303104K, used 169085K [0x00000006e4800000, 0x0000000800000000)
  region size 4096K, 2 young (8192K), 1 survivors (4096K)
 Metaspace       used 88155K, committed 88768K, reserved 1179648K
  class space    used 12247K, committed 12544K, reserved 1048576K
}
Event: 19.236 GC heap after
{Heap after GC invocations=37 (full 0):
 garbage-first heap   total 303104K, used 148588K [0x00000006e4800000, 0x0000000800000000)
  region size 4096K, 1 young (4096K), 1 survivors (4096K)
 Metaspace       used 88155K, committed 88768K, reserved 1179648K
  class space    used 12247K, committed 12544K, reserved 1048576K
}
Event: 19.460 GC heap before
{Heap before GC invocations=38 (full 0):
 garbage-first heap   total 376832K, used 218220K [0x00000006e4800000, 0x0000000800000000)
  region size 4096K, 2 young (8192K), 1 survivors (4096K)
 Metaspace       used 88155K, committed 88768K, reserved 1179648K
  class space    used 12247K, committed 12544K, reserved 1048576K
}
Event: 19.462 GC heap after
{Heap after GC invocations=39 (full 0):
 garbage-first heap   total 376832K, used 181367K [0x00000006e4800000, 0x0000000800000000)
  region size 4096K, 1 young (4096K), 1 survivors (4096K)
 Metaspace       used 88155K, committed 88768K, reserved 1179648K
  class space    used 12247K, committed 12544K, reserved 1048576K
}
Event: 19.646 GC heap before
{Heap before GC invocations=40 (full 0):
 garbage-first heap   total 507904K, used 324727K [0x00000006e4800000, 0x0000000800000000)
  region size 4096K, 3 young (12288K), 1 survivors (4096K)
 Metaspace       used 88155K, committed 88768K, reserved 1179648K
  class space    used 12247K, committed 12544K, reserved 1048576K
}
Event: 19.648 GC heap after
{Heap after GC invocations=41 (full 0):
 garbage-first heap   total 507904K, used 205954K [0x00000006e4800000, 0x0000000800000000)
  region size 4096K, 1 young (4096K), 1 survivors (4096K)
 Metaspace       used 88155K, committed 88768K, reserved 1179648K
  class space    used 12247K, committed 12544K, reserved 1048576K
}
Event: 19.767 GC heap before
{Heap before GC invocations=41 (full 0):
 garbage-first heap   total 507904K, used 242818K [0x00000006e4800000, 0x0000000800000000)
  region size 4096K, 2 young (8192K), 1 survivors (4096K)
 Metaspace       used 88155K, committed 88768K, reserved 1179648K
  class space    used 12247K, committed 12544K, reserved 1048576K
}
Event: 19.769 GC heap after
{Heap after GC invocations=42 (full 0):
 garbage-first heap   total 507904K, used 222337K [0x00000006e4800000, 0x0000000800000000)
  region size 4096K, 1 young (4096K), 1 survivors (4096K)
 Metaspace       used 88155K, committed 88768K, reserved 1179648K
  class space    used 12247K, committed 12544K, reserved 1048576K
}
Event: 20.005 GC heap before
{Heap before GC invocations=43 (full 0):
 garbage-first heap   total 507904K, used 291969K [0x00000006e4800000, 0x0000000800000000)
  region size 4096K, 2 young (8192K), 1 survivors (4096K)
 Metaspace       used 88155K, committed 88768K, reserved 1179648K
  class space    used 12247K, committed 12544K, reserved 1048576K
}
Event: 20.008 GC heap after
{Heap after GC invocations=44 (full 0):
 garbage-first heap   total 507904K, used 255116K [0x00000006e4800000, 0x0000000800000000)
  region size 4096K, 1 young (4096K), 1 survivors (4096K)
 Metaspace       used 88155K, committed 88768K, reserved 1179648K
  class space    used 12247K, committed 12544K, reserved 1048576K
}

