# JRE version: OpenJDK Runtime Environment Temurin-17.0.15+6 (17.0.15+6) (build 17.0.15+6)
# Java VM: OpenJDK 64-Bit Server VM Temurin-17.0.15+6 (17.0.15+6, mixed mode, sharing, tiered, compressed oops, compressed class ptrs, g1 gc, windows-amd64)
GC Precious Log:
 CPUs: 8 total, 8 available
 Memory: 10182M
 Large Page Support: Disabled
 NUMA Support: Disabled
 Compressed Oops: Enabled (Zero based)
 Heap Region Size: 4M
 Heap Min Capacity: 8M
 Heap Initial Capacity: 160M
 Heap Max Capacity: 4536M
 Pre-touch: Disabled
 Parallel Workers: 8
 Concurrent Workers: 2
 Concurrent Refinement Workers: 8
 Periodic GC: Disabled
Heap:
 garbage-first heap   total 839680K, used 367244K [0x00000006e4800000, 0x0000000800000000)
  region size 4096K, 4 young (16384K), 4 survivors (16384K)
 Metaspace       used 109630K, committed 110400K, reserved 1179648K
  class space    used 14481K, committed 14848K, reserved 1048576K
GC Heap History (20 events):
Event: 414.681 GC heap after
{Heap after GC invocations=65 (full 0):
 garbage-first heap   total 425984K, used 178891K [0x00000006e4800000, 0x0000000800000000)
  region size 4096K, 4 young (16384K), 4 survivors (16384K)
 Metaspace       used 109458K, committed 110208K, reserved 1179648K
  class space    used 14476K, committed 14848K, reserved 1048576K
}
Event: 415.078 GC heap before
{Heap before GC invocations=65 (full 0):
 garbage-first heap   total 425984K, used 269003K [0x00000006e4800000, 0x0000000800000000)
  region size 4096K, 10 young (40960K), 4 survivors (16384K)
 Metaspace       used 109514K, committed 110272K, reserved 1179648K
  class space    used 14477K, committed 14848K, reserved 1048576K
}
Event: 415.091 GC heap after
{Heap after GC invocations=66 (full 0):
 garbage-first heap   total 630784K, used 211658K [0x00000006e4800000, 0x0000000800000000)
  region size 4096K, 4 young (16384K), 4 survivors (16384K)
 Metaspace       used 109514K, committed 110272K, reserved 1179648K
  class space    used 14477K, committed 14848K, reserved 1048576K
}
Event: 415.205 GC heap before
{Heap before GC invocations=66 (full 0):
 garbage-first heap   total 630784K, used 297674K [0x00000006e4800000, 0x0000000800000000)
  region size 4096K, 8 young (32768K), 4 survivors (16384K)
 Metaspace       used 109532K, committed 110272K, reserved 1179648K
  class space    used 14479K, committed 14848K, reserved 1048576K
}
Event: 415.214 GC heap after
{Heap after GC invocations=67 (full 0):
 garbage-first heap   total 630784K, used 215701K [0x00000006e4800000, 0x0000000800000000)
  region size 4096K, 4 young (16384K), 4 survivors (16384K)
 Metaspace       used 109532K, committed 110272K, reserved 1179648K
  class space    used 14479K, committed 14848K, reserved 1048576K
}
Event: 415.404 GC heap before
{Heap before GC invocations=67 (full 0):
 garbage-first heap   total 630784K, used 285333K [0x00000006e4800000, 0x0000000800000000)
  region size 4096K, 6 young (24576K), 4 survivors (16384K)
 Metaspace       used 109544K, committed 110272K, reserved 1179648K
  class space    used 14480K, committed 14848K, reserved 1048576K
}
Event: 415.414 GC heap after
{Heap after GC invocations=68 (full 0):
 garbage-first heap   total 630784K, used 236460K [0x00000006e4800000, 0x0000000800000000)
  region size 4096K, 4 young (16384K), 4 survivors (16384K)
 Metaspace       used 109544K, committed 110272K, reserved 1179648K
  class space    used 14480K, committed 14848K, reserved 1048576K
}
Event: 415.670 GC heap before
{Heap before GC invocations=68 (full 0):
 garbage-first heap   total 630784K, used 277420K [0x00000006e4800000, 0x0000000800000000)
  region size 4096K, 6 young (24576K), 4 survivors (16384K)
 Metaspace       used 109567K, committed 110336K, reserved 1179648K
  class space    used 14481K, committed 14848K, reserved 1048576K
}
Event: 415.679 GC heap after
{Heap after GC invocations=69 (full 0):
 garbage-first heap   total 630784K, used 252845K [0x00000006e4800000, 0x0000000800000000)
  region size 4096K, 4 young (16384K), 4 survivors (16384K)
 Metaspace       used 109567K, committed 110336K, reserved 1179648K
  class space    used 14481K, committed 14848K, reserved 1048576K
}
Event: 416.054 GC heap before
{Heap before GC invocations=69 (full 0):
 garbage-first heap   total 630784K, used 342957K [0x00000006e4800000, 0x0000000800000000)
  region size 4096K, 10 young (40960K), 4 survivors (16384K)
 Metaspace       used 109620K, committed 110336K, reserved 1179648K
  class space    used 14481K, committed 14848K, reserved 1048576K
}
Event: 416.065 GC heap after
{Heap after GC invocations=70 (full 0):
 garbage-first heap   total 839680K, used 285312K [0x00000006e4800000, 0x0000000800000000)
  region size 4096K, 4 young (16384K), 4 survivors (16384K)
 Metaspace       used 109620K, committed 110336K, reserved 1179648K
  class space    used 14481K, committed 14848K, reserved 1048576K
}
Event: 416.176 GC heap before
{Heap before GC invocations=70 (full 0):
 garbage-first heap   total 839680K, used 424576K [0x00000006e4800000, 0x0000000800000000)
  region size 4096K, 6 young (24576K), 4 survivors (16384K)
 Metaspace       used 109630K, committed 110400K, reserved 1179648K
  class space    used 14481K, committed 14848K, reserved 1048576K
}
Event: 416.187 GC heap after
{Heap after GC invocations=71 (full 0):
 garbage-first heap   total 839680K, used 350858K [0x00000006e4800000, 0x0000000800000000)
  region size 4096K, 4 young (16384K), 4 survivors (16384K)
 Metaspace       used 109630K, committed 110400K, reserved 1179648K
  class space    used 14481K, committed 14848K, reserved 1048576K
}
Event: 416.222 GC heap before
{Heap before GC invocations=71 (full 0):
 garbage-first heap   total 839680K, used 424586K [0x00000006e4800000, 0x0000000800000000)
  region size 4096K, 5 young (20480K), 4 survivors (16384K)
 Metaspace       used 109630K, committed 110400K, reserved 1179648K
  class space    used 14481K, committed 14848K, reserved 1048576K
}
Event: 416.233 GC heap after
{Heap after GC invocations=72 (full 0):
 garbage-first heap   total 839680K, used 290373K [0x00000006e4800000, 0x0000000800000000)
  region size 4096K, 4 young (16384K), 4 survivors (16384K)
 Metaspace       used 109630K, committed 110400K, reserved 1179648K
  class space    used 14481K, committed 14848K, reserved 1048576K
}
Event: 416.373 GC heap before
{Heap before GC invocations=72 (full 0):
 garbage-first heap   total 839680K, used 368197K [0x00000006e4800000, 0x0000000800000000)
  region size 4096K, 5 young (20480K), 4 survivors (16384K)
 Metaspace       used 109630K, committed 110400K, reserved 1179648K
  class space    used 14481K, committed 14848K, reserved 1048576K
}
Event: 416.383 GC heap after
{Heap after GC invocations=73 (full 0):
 garbage-first heap   total 839680K, used 318086K [0x00000006e4800000, 0x0000000800000000)
  region size 4096K, 4 young (16384K), 4 survivors (16384K)
 Metaspace       used 109630K, committed 110400K, reserved 1179648K
  class space    used 14481K, committed 14848K, reserved 1048576K
}
Event: 416.512 GC heap before
{Heap before GC invocations=73 (full 0):
 garbage-first heap   total 839680K, used 354950K [0x00000006e4800000, 0x0000000800000000)
  region size 4096K, 5 young (20480K), 4 survivors (16384K)
 Metaspace       used 109630K, committed 110400K, reserved 1179648K
  class space    used 14481K, committed 14848K, reserved 1048576K
}
Event: 416.522 GC heap after
{Heap after GC invocations=74 (full 0):
 garbage-first heap   total 839680K, used 335062K [0x00000006e4800000, 0x0000000800000000)
  region size 4096K, 4 young (16384K), 4 survivors (16384K)
 Metaspace       used 109630K, committed 110400K, reserved 1179648K
  class space    used 14481K, committed 14848K, reserved 1048576K
}
Event: 416.784 GC heap before
{Heap before GC invocations=74 (full 0):
 garbage-first heap   total 839680K, used 404694K [0x00000006e4800000, 0x0000000800000000)
  region size 4096K, 5 young (20480K), 4 survivors (16384K)
 Metaspace       used 109630K, committed 110400K, reserved 1179648K
  class space    used 14481K, committed 14848K, reserved 1048576K
}

