# JRE version: OpenJDK Runtime Environment Temurin-17.0.15+6 (17.0.15+6) (build 17.0.15+6)
# Java VM: OpenJDK 64-Bit Server VM Temurin-17.0.15+6 (17.0.15+6, mixed mode, sharing, tiered, compressed oops, compressed class ptrs, g1 gc, windows-amd64)
GC Precious Log:
 CPUs: 8 total, 8 available
 Memory: 10182M
 Large Page Support: Disabled
 NUMA Support: Disabled
 Compressed Oops: Enabled (Zero based)
 Heap Region Size: 4M
 Heap Min Capacity: 8M
 Heap Initial Capacity: 160M
 Heap Max Capacity: 4536M
 Pre-touch: Disabled
 Parallel Workers: 8
 Concurrent Workers: 2
 Concurrent Refinement Workers: 8
 Periodic GC: Disabled
Heap:
 garbage-first heap   total 671744K, used 281116K [0x00000006e4800000, 0x0000000800000000)
  region size 4096K, 1 young (4096K), 1 survivors (4096K)
 Metaspace       used 88060K, committed 88768K, reserved 1179648K
  class space    used 12226K, committed 12544K, reserved 1048576K
GC Heap History (20 events):
Event: 19.825 GC heap after
{Heap after GC invocations=44 (full 0):
 garbage-first heap   total 344064K, used 149989K [0x00000006e4800000, 0x0000000800000000)
  region size 4096K, 1 young (4096K), 1 survivors (4096K)
 Metaspace       used 88057K, committed 88768K, reserved 1179648K
  class space    used 12226K, committed 12544K, reserved 1048576K
}
Event: 20.097 GC heap before
{Heap before GC invocations=44 (full 0):
 garbage-first heap   total 344064K, used 219621K [0x00000006e4800000, 0x0000000800000000)
  region size 4096K, 2 young (8192K), 1 survivors (4096K)
 Metaspace       used 88057K, committed 88768K, reserved 1179648K
  class space    used 12226K, committed 12544K, reserved 1048576K
}
Event: 20.099 GC heap after
{Heap after GC invocations=45 (full 0):
 garbage-first heap   total 413696K, used 182790K [0x00000006e4800000, 0x0000000800000000)
  region size 4096K, 1 young (4096K), 1 survivors (4096K)
 Metaspace       used 88057K, committed 88768K, reserved 1179648K
  class space    used 12226K, committed 12544K, reserved 1048576K
}
Event: 20.120 GC heap before
{Heap before GC invocations=45 (full 0):
 garbage-first heap   total 413696K, used 248326K [0x00000006e4800000, 0x0000000800000000)
  region size 4096K, 2 young (8192K), 1 survivors (4096K)
 Metaspace       used 88057K, committed 88768K, reserved 1179648K
  class space    used 12226K, committed 12544K, reserved 1048576K
}
Event: 20.122 GC heap after
{Heap after GC invocations=46 (full 0):
 garbage-first heap   total 413696K, used 179679K [0x00000006e4800000, 0x0000000800000000)
  region size 4096K, 1 young (4096K), 1 survivors (4096K)
 Metaspace       used 88057K, committed 88768K, reserved 1179648K
  class space    used 12226K, committed 12544K, reserved 1048576K
}
Event: 20.134 GC heap before
{Heap before GC invocations=46 (full 0):
 garbage-first heap   total 413696K, used 183775K [0x00000006e4800000, 0x0000000800000000)
  region size 4096K, 2 young (8192K), 1 survivors (4096K)
 Metaspace       used 88057K, committed 88768K, reserved 1179648K
  class space    used 12226K, committed 12544K, reserved 1048576K
}
Event: 20.136 GC heap after
{Heap after GC invocations=47 (full 0):
 garbage-first heap   total 413696K, used 182713K [0x00000006e4800000, 0x0000000800000000)
  region size 4096K, 1 young (4096K), 1 survivors (4096K)
 Metaspace       used 88057K, committed 88768K, reserved 1179648K
  class space    used 12226K, committed 12544K, reserved 1048576K
}
Event: 20.155 GC heap before
{Heap before GC invocations=47 (full 0):
 garbage-first heap   total 413696K, used 190905K [0x00000006e4800000, 0x0000000800000000)
  region size 4096K, 2 young (8192K), 1 survivors (4096K)
 Metaspace       used 88057K, committed 88768K, reserved 1179648K
  class space    used 12226K, committed 12544K, reserved 1048576K
}
Event: 20.156 GC heap after
{Heap after GC invocations=48 (full 0):
 garbage-first heap   total 413696K, used 186880K [0x00000006e4800000, 0x0000000800000000)
  region size 4096K, 1 young (4096K), 1 survivors (4096K)
 Metaspace       used 88057K, committed 88768K, reserved 1179648K
  class space    used 12226K, committed 12544K, reserved 1048576K
}
Event: 20.304 GC heap before
{Heap before GC invocations=49 (full 0):
 garbage-first heap   total 438272K, used 252416K [0x00000006e4800000, 0x0000000800000000)
  region size 4096K, 2 young (8192K), 1 survivors (4096K)
 Metaspace       used 88057K, committed 88768K, reserved 1179648K
  class space    used 12226K, committed 12544K, reserved 1048576K
}
Event: 20.306 GC heap after
{Heap after GC invocations=50 (full 0):
 garbage-first heap   total 438272K, used 207299K [0x00000006e4800000, 0x0000000800000000)
  region size 4096K, 1 young (4096K), 1 survivors (4096K)
 Metaspace       used 88057K, committed 88768K, reserved 1179648K
  class space    used 12226K, committed 12544K, reserved 1048576K
}
Event: 20.454 GC heap before
{Heap before GC invocations=51 (full 0):
 garbage-first heap   total 438272K, used 244163K [0x00000006e4800000, 0x0000000800000000)
  region size 4096K, 2 young (8192K), 1 survivors (4096K)
 Metaspace       used 88057K, committed 88768K, reserved 1179648K
  class space    used 12226K, committed 12544K, reserved 1048576K
}
Event: 20.456 GC heap after
{Heap after GC invocations=52 (full 0):
 garbage-first heap   total 438272K, used 223706K [0x00000006e4800000, 0x0000000800000000)
  region size 4096K, 1 young (4096K), 1 survivors (4096K)
 Metaspace       used 88057K, committed 88768K, reserved 1179648K
  class space    used 12226K, committed 12544K, reserved 1048576K
}
Event: 20.717 GC heap before
{Heap before GC invocations=53 (full 0):
 garbage-first heap   total 507904K, used 293338K [0x00000006e4800000, 0x0000000800000000)
  region size 4096K, 2 young (8192K), 1 survivors (4096K)
 Metaspace       used 88057K, committed 88768K, reserved 1179648K
  class space    used 12226K, committed 12544K, reserved 1048576K
}
Event: 20.720 GC heap after
{Heap after GC invocations=54 (full 0):
 garbage-first heap   total 507904K, used 256470K [0x00000006e4800000, 0x0000000800000000)
  region size 4096K, 1 young (4096K), 1 survivors (4096K)
 Metaspace       used 88057K, committed 88768K, reserved 1179648K
  class space    used 12226K, committed 12544K, reserved 1048576K
}
Event: 20.868 GC heap before
{Heap before GC invocations=55 (full 0):
 garbage-first heap   total 671744K, used 465366K [0x00000006e4800000, 0x0000000800000000)
  region size 4096K, 2 young (8192K), 1 survivors (4096K)
 Metaspace       used 88060K, committed 88768K, reserved 1179648K
  class space    used 12226K, committed 12544K, reserved 1048576K
}
Event: 20.872 GC heap after
{Heap after GC invocations=56 (full 0):
 garbage-first heap   total 671744K, used 261557K [0x00000006e4800000, 0x0000000800000000)
  region size 4096K, 1 young (4096K), 1 survivors (4096K)
 Metaspace       used 88060K, committed 88768K, reserved 1179648K
  class space    used 12226K, committed 12544K, reserved 1048576K
}
Event: 20.918 GC heap before
{Heap before GC invocations=56 (full 0):
 garbage-first heap   total 671744K, used 298421K [0x00000006e4800000, 0x0000000800000000)
  region size 4096K, 2 young (8192K), 1 survivors (4096K)
 Metaspace       used 88060K, committed 88768K, reserved 1179648K
  class space    used 12226K, committed 12544K, reserved 1048576K
}
Event: 20.920 GC heap after
{Heap after GC invocations=57 (full 0):
 garbage-first heap   total 671744K, used 272830K [0x00000006e4800000, 0x0000000800000000)
  region size 4096K, 1 young (4096K), 1 survivors (4096K)
 Metaspace       used 88060K, committed 88768K, reserved 1179648K
  class space    used 12226K, committed 12544K, reserved 1048576K
}
Event: 20.966 GC heap before
{Heap before GC invocations=57 (full 0):
 garbage-first heap   total 671744K, used 293310K [0x00000006e4800000, 0x0000000800000000)
  region size 4096K, 2 young (8192K), 1 survivors (4096K)
 Metaspace       used 88060K, committed 88768K, reserved 1179648K
  class space    used 12226K, committed 12544K, reserved 1048576K
}

