# JRE version: OpenJDK Runtime Environment Temurin-17.0.15+6 (17.0.15+6) (build 17.0.15+6)
# Java VM: OpenJDK 64-Bit Server VM Temurin-17.0.15+6 (17.0.15+6, mixed mode, sharing, tiered, compressed oops, compressed class ptrs, g1 gc, windows-amd64)
GC Precious Log:
 CPUs: 8 total, 8 available
 Memory: 10182M
 Large Page Support: Disabled
 NUMA Support: Disabled
 Compressed Oops: Enabled (Zero based)
 Heap Region Size: 4M
 Heap Min Capacity: 8M
 Heap Initial Capacity: 160M
 Heap Max Capacity: 4536M
 Pre-touch: Disabled
 Parallel Workers: 8
 Concurrent Workers: 2
 Concurrent Refinement Workers: 8
 Periodic GC: Disabled
Heap:
 garbage-first heap   total 663552K, used 335691K [0x00000006e4800000, 0x0000000800000000)
  region size 4096K, 1 young (4096K), 1 survivors (4096K)
 Metaspace       used 88158K, committed 88832K, reserved 1179648K
  class space    used 12234K, committed 12544K, reserved 1048576K
GC Heap History (20 events):
Event: 19.570 GC heap after
{Heap after GC invocations=34 (full 0):
 garbage-first heap   total 401408K, used 114630K [0x00000006e4800000, 0x0000000800000000)
  region size 4096K, 1 young (4096K), 1 survivors (4096K)
 Metaspace       used 88156K, committed 88832K, reserved 1179648K
  class space    used 12234K, committed 12544K, reserved 1048576K
}
Event: 19.846 GC heap before
{Heap before GC invocations=35 (full 0):
 garbage-first heap   total 401408K, used 192454K [0x00000006e4800000, 0x0000000800000000)
  region size 4096K, 2 young (8192K), 1 survivors (4096K)
 Metaspace       used 88156K, committed 88832K, reserved 1179648K
  class space    used 12234K, committed 12544K, reserved 1048576K
}
Event: 19.849 GC heap after
{Heap after GC invocations=36 (full 0):
 garbage-first heap   total 401408K, used 147297K [0x00000006e4800000, 0x0000000800000000)
  region size 4096K, 1 young (4096K), 1 survivors (4096K)
 Metaspace       used 88156K, committed 88832K, reserved 1179648K
  class space    used 12234K, committed 12544K, reserved 1048576K
}
Event: 20.085 GC heap before
{Heap before GC invocations=37 (full 0):
 garbage-first heap   total 401408K, used 216929K [0x00000006e4800000, 0x0000000800000000)
  region size 4096K, 2 young (8192K), 1 survivors (4096K)
 Metaspace       used 88156K, committed 88832K, reserved 1179648K
  class space    used 12234K, committed 12544K, reserved 1048576K
}
Event: 20.087 GC heap after
{Heap after GC invocations=38 (full 0):
 garbage-first heap   total 401408K, used 180042K [0x00000006e4800000, 0x0000000800000000)
  region size 4096K, 1 young (4096K), 1 survivors (4096K)
 Metaspace       used 88156K, committed 88832K, reserved 1179648K
  class space    used 12234K, committed 12544K, reserved 1048576K
}
Event: 20.231 GC heap before
{Heap before GC invocations=39 (full 0):
 garbage-first heap   total 507904K, used 302922K [0x00000006e4800000, 0x0000000800000000)
  region size 4096K, 3 young (12288K), 1 survivors (4096K)
 Metaspace       used 88156K, committed 88832K, reserved 1179648K
  class space    used 12234K, committed 12544K, reserved 1048576K
}
Event: 20.235 GC heap after
{Heap after GC invocations=40 (full 0):
 garbage-first heap   total 507904K, used 196436K [0x00000006e4800000, 0x0000000800000000)
  region size 4096K, 1 young (4096K), 1 survivors (4096K)
 Metaspace       used 88156K, committed 88832K, reserved 1179648K
  class space    used 12234K, committed 12544K, reserved 1048576K
}
Event: 20.436 GC heap before
{Heap before GC invocations=41 (full 0):
 garbage-first heap   total 507904K, used 253780K [0x00000006e4800000, 0x0000000800000000)
  region size 4096K, 2 young (8192K), 1 survivors (4096K)
 Metaspace       used 88156K, committed 88832K, reserved 1179648K
  class space    used 12234K, committed 12544K, reserved 1048576K
}
Event: 20.439 GC heap after
{Heap after GC invocations=42 (full 0):
 garbage-first heap   total 507904K, used 220993K [0x00000006e4800000, 0x0000000800000000)
  region size 4096K, 1 young (4096K), 1 survivors (4096K)
 Metaspace       used 88156K, committed 88832K, reserved 1179648K
  class space    used 12234K, committed 12544K, reserved 1048576K
}
Event: 20.665 GC heap before
{Heap before GC invocations=43 (full 0):
 garbage-first heap   total 507904K, used 290625K [0x00000006e4800000, 0x0000000800000000)
  region size 4096K, 2 young (8192K), 1 survivors (4096K)
 Metaspace       used 88156K, committed 88832K, reserved 1179648K
  class space    used 12234K, committed 12544K, reserved 1048576K
}
Event: 20.667 GC heap after
{Heap after GC invocations=44 (full 0):
 garbage-first heap   total 507904K, used 253715K [0x00000006e4800000, 0x0000000800000000)
  region size 4096K, 1 young (4096K), 1 survivors (4096K)
 Metaspace       used 88156K, committed 88832K, reserved 1179648K
  class space    used 12234K, committed 12544K, reserved 1048576K
}
Event: 20.842 GC heap before
{Heap before GC invocations=45 (full 0):
 garbage-first heap   total 663552K, used 462611K [0x00000006e4800000, 0x0000000800000000)
  region size 4096K, 2 young (8192K), 1 survivors (4096K)
 Metaspace       used 88158K, committed 88832K, reserved 1179648K
  class space    used 12234K, committed 12544K, reserved 1048576K
}
Event: 20.845 GC heap after
{Heap after GC invocations=46 (full 0):
 garbage-first heap   total 663552K, used 258920K [0x00000006e4800000, 0x0000000800000000)
  region size 4096K, 1 young (4096K), 1 survivors (4096K)
 Metaspace       used 88158K, committed 88832K, reserved 1179648K
  class space    used 12234K, committed 12544K, reserved 1048576K
}
Event: 20.854 GC heap before
{Heap before GC invocations=46 (full 0):
 garbage-first heap   total 663552K, used 263016K [0x00000006e4800000, 0x0000000800000000)
  region size 4096K, 2 young (8192K), 1 survivors (4096K)
 Metaspace       used 88158K, committed 88832K, reserved 1179648K
  class space    used 12234K, committed 12544K, reserved 1048576K
}
Event: 20.857 GC heap after
{Heap after GC invocations=47 (full 0):
 garbage-first heap   total 663552K, used 261974K [0x00000006e4800000, 0x0000000800000000)
  region size 4096K, 1 young (4096K), 1 survivors (4096K)
 Metaspace       used 88158K, committed 88832K, reserved 1179648K
  class space    used 12234K, committed 12544K, reserved 1048576K
}
Event: 21.031 GC heap before
{Heap before GC invocations=48 (full 0):
 garbage-first heap   total 663552K, used 335702K [0x00000006e4800000, 0x0000000800000000)
  region size 4096K, 2 young (8192K), 1 survivors (4096K)
 Metaspace       used 88158K, committed 88832K, reserved 1179648K
  class space    used 12234K, committed 12544K, reserved 1048576K
}
Event: 21.034 GC heap after
{Heap after GC invocations=49 (full 0):
 garbage-first heap   total 663552K, used 286560K [0x00000006e4800000, 0x0000000800000000)
  region size 4096K, 1 young (4096K), 1 survivors (4096K)
 Metaspace       used 88158K, committed 88832K, reserved 1179648K
  class space    used 12234K, committed 12544K, reserved 1048576K
}
Event: 21.174 GC heap before
{Heap before GC invocations=50 (full 0):
 garbage-first heap   total 663552K, used 323424K [0x00000006e4800000, 0x0000000800000000)
  region size 4096K, 2 young (8192K), 1 survivors (4096K)
 Metaspace       used 88158K, committed 88832K, reserved 1179648K
  class space    used 12234K, committed 12544K, reserved 1048576K
}
Event: 21.176 GC heap after
{Heap after GC invocations=51 (full 0):
 garbage-first heap   total 663552K, used 303012K [0x00000006e4800000, 0x0000000800000000)
  region size 4096K, 1 young (4096K), 1 survivors (4096K)
 Metaspace       used 88158K, committed 88832K, reserved 1179648K
  class space    used 12234K, committed 12544K, reserved 1048576K
}
Event: 21.409 GC heap before
{Heap before GC invocations=52 (full 0):
 garbage-first heap   total 663552K, used 372644K [0x00000006e4800000, 0x0000000800000000)
  region size 4096K, 2 young (8192K), 1 survivors (4096K)
 Metaspace       used 88158K, committed 88832K, reserved 1179648K
  class space    used 12234K, committed 12544K, reserved 1048576K
}

